1 => 1
2 => 3
3 => 7
4 => 13
5 => 21
6 => 31
7 => 43
8 => 57
9 => 73
10 => 91
11 => 111
12 => 133
13 => 157
14 => 183
15 => 211
16 => 241
17 => 273
18 => 307
19 => 343
20 => 381
80 => 6321
81 => 6481
82 => 6643
83 => 6807
84 => 6973
85 => 7141
86 => 7311
87 => 7483
88 => 7657
89 => 7833
90 => 8011
91 => 8191
92 => 8373
93 => 8557
94 => 8743
95 => 8931
96 => 9121
97 => 9313
98 => 9507
99 => 9703
100 => 9901
101 => 10101
102 => 10303
103 => 10507
104 => 10713
105 => 10921
106 => 11131
107 => 11343
108 => 11557
109 => 11773
110 => 11991
111 => 12211
112 => 12433
113 => 12657
114 => 12883
115 => 13111
116 => 13341
117 => 13573
118 => 13807
119 => 14043
120 => 14281
950 => 901551
951 => 903451
952 => 905353
953 => 907257
954 => 909163
955 => 911071
956 => 912981
957 => 914893
958 => 916807
959 => 918723
960 => 920641
961 => 922561
962 => 924483
963 => 926407
964 => 928333
965 => 930261
966 => 932191
967 => 934123
968 => 936057
969 => 937993
970 => 939931
971 => 941871
972 => 943813
973 => 945757
974 => 947703
975 => 949651
976 => 951601
977 => 953553
978 => 955507
979 => 957463
980 => 959421
981 => 961381
982 => 963343
983 => 965307
984 => 967273
985 => 969241
986 => 971211
987 => 973183
988 => 975157
989 => 977133
990 => 979111
991 => 981091
992 => 983073
993 => 985057
994 => 987043
995 => 989031
996 => 991021
997 => 993013
998 => 995007
999 => 997003
929 => 862113
386 => 148611
190 => 35911
205 => 41821
645 => 415381
629 => 395013
336 => 112561
247 => 60763
853 => 726757
964 => 928333
425 => 180201
976 => 951601
673 => 452257
520 => 269881
836 => 698061
257 => 65793
62 => 3783
433 => 187057
110 => 11991
468 => 218557
468 => 218557
355 => 125671
763 => 581407
50 => 2451
730 => 532171
934 => 871423
205 => 41821
970 => 939931
635 => 402591
185 => 34041
312 => 97033
957 => 914893
351 => 122851
925 => 854701
947 => 895863
869 => 754293
454 => 205663
974 => 947703
299 => 89103
45 => 1981
580 => 335821
29 => 813
125 => 15501
130 => 16771
828 => 684757
777 => 602953
334 => 111223
314 => 98283
941 => 884541
179 => 31863
915 => 836311
713 => 507657
898 => 805507
324 => 104653
205 => 41821
71 => 4971
57 => 3193
942 => 886423
665 => 441561
864 => 745633
131 => 17031
78 => 6007
863 => 743907
409 => 166873
369 => 135793
114 => 12883
32 => 993
422 => 177663
2 => 3
977 => 953553
718 => 514807
227 => 51303
635 => 402591
972 => 943813
354 => 124963
632 => 398793
634 => 401323
396 => 156421
89 => 7833
268 => 71557
589 => 346333
871 => 757771
272 => 73713
157 => 24493
951 => 903451
31 => 931
27 => 703
53 => 2757
555 => 307471
964 => 928333
841 => 706441
178 => 31507
226 => 50851
776 => 601401
893 => 796557
736 => 540961
952 => 905353
267 => 71023
733 => 536557
843 => 709807
