10636
12529
11567
12344
10039
12409
10334
17856
11114
11277
14535
13010
11017
10401
11214
13828
10669
15146
10115
11874
11115
10473
12361
11818
13915
12228
1305
12710
11141
11685
10604
12900
11420
13614
19956
12822
13714
4457
9879
8615
17369
11838
9581
10670
5590
9218
13522
10116
13654
11916
11639
7184
12736
12113
12359
17521
11425
11388
13070
11820
13781
11959
10627
7611
11751
9820
10133
14430
11461
9832
13542
9982
12975
6829
10302
10574
10218
4646
10587
7750
13881
10685
14659
11165
12256
11710
13244
8855
4858
10265
10594
10717
12290
9708
14985
11502
9378
10937
8515
12527
